# JRE version: Java(TM) SE Runtime Environment (8.0_144-b01) (build 1.8.0_144-b01)
# Java VM: Java HotSpot(TM) 64-Bit Server VM (25.144-b01 mixed mode windows-amd64 compressed oops)
Heap:
 PSYoungGen      total 313344K, used 215643K [0x00000000daf00000, 0x00000000fac80000, 0x0000000100000000)
  eden space 117248K, 90% used [0x00000000daf00000,0x00000000e1724708,0x00000000e2180000)
  from space 196096K, 55% used [0x00000000eed00000,0x00000000f5772798,0x00000000fac80000)
  to   space 202240K, 0% used [0x00000000e2180000,0x00000000e2180000,0x00000000ee700000)
 ParOldGen       total 676864K, used 520424K [0x0000000090c00000, 0x00000000ba100000, 0x00000000daf00000)
  object space 676864K, 76% used [0x0000000090c00000,0x00000000b083a0a0,0x00000000ba100000)
 Metaspace       used 18101K, capacity 18920K, committed 18944K, reserved 1064960K
  class space    used 2591K, capacity 2793K, committed 2816K, reserved 1048576K
GC Heap History (10 events):
Event: 46.820 GC heap before
{Heap before GC invocations=16 (full 3):
 PSYoungGen      total 257024K, used 224849K [0x00000000daf00000, 0x00000000f8500000, 0x0000000100000000)
  eden space 81920K, 100% used [0x00000000daf00000,0x00000000dff00000,0x00000000dff00000)
  from space 175104K, 81% used [0x00000000ebb00000,0x00000000f4694528,0x00000000f6600000)
  to   space 192512K, 0% used [0x00000000dff00000,0x00000000dff00000,0x00000000ebb00000)
 ParOldGen       total 444928K, used 282443K [0x0000000090c00000, 0x00000000abe80000, 0x00000000daf00000)
  object space 444928K, 63% used [0x0000000090c00000,0x00000000a1fd2ec8,0x00000000abe80000)
 Metaspace       used 18101K, capacity 18920K, committed 18944K, reserved 1064960K
  class space    used 2591K, capacity 2793K, committed 2816K, reserved 1048576K
Event: 47.283 GC heap after
Heap after GC invocations=16 (full 3):
 PSYoungGen      total 274432K, used 190225K [0x00000000daf00000, 0x00000000f9980000, 0x0000000100000000)
  eden space 81920K, 0% used [0x00000000daf00000,0x00000000daf00000,0x00000000dff00000)
  from space 192512K, 98% used [0x00000000dff00000,0x00000000eb8c4528,0x00000000ebb00000)
  to   space 202240K, 0% used [0x00000000ed400000,0x00000000ed400000,0x00000000f9980000)
 ParOldGen       total 444928K, used 282443K [0x0000000090c00000, 0x00000000abe80000, 0x00000000daf00000)
  object space 444928K, 63% used [0x0000000090c00000,0x00000000a1fd2ec8,0x00000000abe80000)
 Metaspace       used 18101K, capacity 18920K, committed 18944K, reserved 1064960K
  class space    used 2591K, capacity 2793K, committed 2816K, reserved 1048576K
}
Event: 55.641 GC heap before
{Heap before GC invocations=17 (full 3):
 PSYoungGen      total 274432K, used 272145K [0x00000000daf00000, 0x00000000f9980000, 0x0000000100000000)
  eden space 81920K, 100% used [0x00000000daf00000,0x00000000dff00000,0x00000000dff00000)
  from space 192512K, 98% used [0x00000000dff00000,0x00000000eb8c4528,0x00000000ebb00000)
  to   space 202240K, 0% used [0x00000000ed400000,0x00000000ed400000,0x00000000f9980000)
 ParOldGen       total 444928K, used 282443K [0x0000000090c00000, 0x00000000abe80000, 0x00000000daf00000)
  object space 444928K, 63% used [0x0000000090c00000,0x00000000a1fd2ec8,0x00000000abe80000)
 Metaspace       used 18101K, capacity 18920K, committed 18944K, reserved 1064960K
  class space    used 2591K, capacity 2793K, committed 2816K, reserved 1048576K
Event: 57.754 GC heap after
Heap after GC invocations=17 (full 3):
 PSYoungGen      total 300032K, used 184145K [0x00000000daf00000, 0x00000000f9c00000, 0x0000000100000000)
  eden space 97792K, 0% used [0x00000000daf00000,0x00000000daf00000,0x00000000e0e80000)
  from space 202240K, 91% used [0x00000000ed400000,0x00000000f87d4528,0x00000000f9980000)
  to   space 202240K, 0% used [0x00000000e0e80000,0x00000000e0e80000,0x00000000ed400000)
 ParOldGen       total 444928K, used 336299K [0x0000000090c00000, 0x00000000abe80000, 0x00000000daf00000)
  object space 444928K, 75% used [0x0000000090c00000,0x00000000a546aec8,0x00000000abe80000)
 Metaspace       used 18101K, capacity 18920K, committed 18944K, reserved 1064960K
  class space    used 2591K, capacity 2793K, committed 2816K, reserved 1048576K
}
Event: 62.698 GC heap before
{Heap before GC invocations=18 (full 3):
 PSYoungGen      total 300032K, used 281937K [0x00000000daf00000, 0x00000000f9c00000, 0x0000000100000000)
  eden space 97792K, 100% used [0x00000000daf00000,0x00000000e0e80000,0x00000000e0e80000)
  from space 202240K, 91% used [0x00000000ed400000,0x00000000f87d4528,0x00000000f9980000)
  to   space 202240K, 0% used [0x00000000e0e80000,0x00000000e0e80000,0x00000000ed400000)
 ParOldGen       total 444928K, used 336299K [0x0000000090c00000, 0x00000000abe80000, 0x00000000daf00000)
  object space 444928K, 75% used [0x0000000090c00000,0x00000000a546aec8,0x00000000abe80000)
 Metaspace       used 18101K, capacity 18920K, committed 18944K, reserved 1064960K
  class space    used 2591K, capacity 2793K, committed 2816K, reserved 1048576K
Event: 63.997 GC heap after
Heap after GC invocations=18 (full 3):
 PSYoungGen      total 300032K, used 151721K [0x00000000daf00000, 0x00000000fb280000, 0x0000000100000000)
  eden space 97792K, 0% used [0x00000000daf00000,0x00000000daf00000,0x00000000e0e80000)
  from space 202240K, 75% used [0x00000000e0e80000,0x00000000ea2aa798,0x00000000ed400000)
  to   space 202240K, 0% used [0x00000000eed00000,0x00000000eed00000,0x00000000fb280000)
 ParOldGen       total 444928K, used 424947K [0x0000000090c00000, 0x00000000abe80000, 0x00000000daf00000)
  object space 444928K, 95% used [0x0000000090c00000,0x00000000aaafced8,0x00000000abe80000)
 Metaspace       used 18101K, capacity 18920K, committed 18944K, reserved 1064960K
  class space    used 2591K, capacity 2793K, committed 2816K, reserved 1048576K
}
Event: 64.180 GC heap before
{Heap before GC invocations=19 (full 4):
 PSYoungGen      total 300032K, used 151721K [0x00000000daf00000, 0x00000000fb280000, 0x0000000100000000)
  eden space 97792K, 0% used [0x00000000daf00000,0x00000000daf00000,0x00000000e0e80000)
  from space 202240K, 75% used [0x00000000e0e80000,0x00000000ea2aa798,0x00000000ed400000)
  to   space 202240K, 0% used [0x00000000eed00000,0x00000000eed00000,0x00000000fb280000)
 ParOldGen       total 444928K, used 424947K [0x0000000090c00000, 0x00000000abe80000, 0x00000000daf00000)
  object space 444928K, 95% used [0x0000000090c00000,0x00000000aaafced8,0x00000000abe80000)
 Metaspace       used 18101K, capacity 18920K, committed 18944K, reserved 1064960K
  class space    used 2591K, capacity 2793K, committed 2816K, reserved 1048576K
Event: 74.753 GC heap after
Heap after GC invocations=19 (full 4):
 PSYoungGen      total 300032K, used 128455K [0x00000000daf00000, 0x00000000fb280000, 0x0000000100000000)
  eden space 97792K, 0% used [0x00000000daf00000,0x00000000daf00000,0x00000000e0e80000)
  from space 202240K, 63% used [0x00000000e0e80000,0x00000000e8bf1c28,0x00000000ed400000)
  to   space 202240K, 0% used [0x00000000eed00000,0x00000000eed00000,0x00000000fb280000)
 ParOldGen       total 676864K, used 444808K [0x0000000090c00000, 0x00000000ba100000, 0x00000000daf00000)
  object space 676864K, 65% used [0x0000000090c00000,0x00000000abe620a0,0x00000000ba100000)
 Metaspace       used 18101K, capacity 18920K, committed 18944K, reserved 1064960K
  class space    used 2591K, capacity 2793K, committed 2816K, reserved 1048576K
}
Event: 78.658 GC heap before
{Heap before GC invocations=20 (full 4):
 PSYoungGen      total 300032K, used 226247K [0x00000000daf00000, 0x00000000fb280000, 0x0000000100000000)
  eden space 97792K, 100% used [0x00000000daf00000,0x00000000e0e80000,0x00000000e0e80000)
  from space 202240K, 63% used [0x00000000e0e80000,0x00000000e8bf1c28,0x00000000ed400000)
  to   space 202240K, 0% used [0x00000000eed00000,0x00000000eed00000,0x00000000fb280000)
 ParOldGen       total 676864K, used 444808K [0x0000000090c00000, 0x00000000ba100000, 0x00000000daf00000)
  object space 676864K, 65% used [0x0000000090c00000,0x00000000abe620a0,0x00000000ba100000)
 Metaspace       used 18101K, capacity 18920K, committed 18944K, reserved 1064960K
  class space    used 2591K, capacity 2793K, committed 2816K, reserved 1048576K
Event: 79.209 GC heap after
Heap after GC invocations=20 (full 4):
 PSYoungGen      total 313344K, used 109001K [0x00000000daf00000, 0x00000000fac80000, 0x0000000100000000)
  eden space 117248K, 0% used [0x00000000daf00000,0x00000000daf00000,0x00000000e2180000)
  from space 196096K, 55% used [0x00000000eed00000,0x00000000f5772798,0x00000000fac80000)
  to   space 202240K, 0% used [0x00000000e2180000,0x00000000e2180000,0x00000000ee700000)
 ParOldGen       total 676864K, used 520424K [0x0000000090c00000, 0x00000000ba100000, 0x00000000daf00000)
  object space 676864K, 76% used [0x0000000090c00000,0x00000000b083a0a0,0x00000000ba100000)
 Metaspace       used 18101K, capacity 18920K, committed 18944K, reserved 1064960K
  class space    used 2591K, capacity 2793K, committed 2816K, reserved 1048576K
}

